<?xml version="1.0" encoding="UTF-8"?>
<testng-results skipped="0" failed="0" ignored="0" total="1" passed="1">
  <reporter-output>
  </reporter-output>
  <suite name="Suite" duration-ms="20079" started-at="2019-01-05T19:03:32Z" finished-at="2019-01-05T19:03:52Z">
    <groups>
    </groups>
    <test name="Test" duration-ms="20079" started-at="2019-01-05T19:03:32Z" finished-at="2019-01-05T19:03:52Z">
      <class name="Maven.SeleniumMaven.App">
        <test-method status="PASS" signature="testGoogle()[pri:0, instance:Maven.SeleniumMaven.App@5e5792a0]" name="testGoogle" duration-ms="20032" started-at="2019-01-05T19:03:32Z" finished-at="2019-01-05T19:03:52Z">
          <reporter-output>
          </reporter-output>
        </test-method> <!-- testGoogle -->
      </class> <!-- Maven.SeleniumMaven.App -->
    </test> <!-- Test -->
  </suite> <!-- Suite -->
</testng-results>
